{"/home/synergy28/projects/dev-social-stack/Social-Media-Stack/db/client.js": {"path":"/home/synergy28/projects/dev-social-stack/Social-Media-Stack/db/client.js","statementMap":{"0":{"start":{"line":1,"column":17},"end":{"line":1,"column":30}},"1":{"start":{"line":3,"column":17},"end":{"line":3,"column":21}},"2":{"start":{"line":4,"column":21},"end":{"line":4,"column":39}},"3":{"start":{"line":5,"column":17},"end":{"line":5,"column":34}},"4":{"start":{"line":7,"column":0},"end":{"line":28,"column":1}},"5":{"start":{"line":8,"column":27},"end":{"line":8,"column":68}},"6":{"start":{"line":10,"column":17},"end":{"line":16,"column":4}},"7":{"start":{"line":17,"column":2},"end":{"line":17,"column":26}},"8":{"start":{"line":19,"column":17},"end":{"line":26,"column":4}},"9":{"start":{"line":27,"column":2},"end":{"line":27,"column":26}}},"fnMap":{},"branchMap":{"0":{"loc":{"start":{"line":7,"column":0},"end":{"line":28,"column":1}},"type":"if","locations":[{"start":{"line":7,"column":0},"end":{"line":28,"column":1}},{"start":{"line":18,"column":7},"end":{"line":28,"column":1}}],"line":7},"1":{"loc":{"start":{"line":13,"column":6},"end":{"line":15,"column":19}},"type":"cond-expr","locations":[{"start":{"line":14,"column":10},"end":{"line":14,"column":39}},{"start":{"line":15,"column":10},"end":{"line":15,"column":19}}],"line":13}},"s":{"0":1,"1":1,"2":1,"3":1,"4":1,"5":1,"6":1,"7":1,"8":0,"9":0},"f":{},"b":{"0":[1,0],"1":[0,1]},"_coverageSchema":"1a1c01bbd47fc00a2c39e90264f33305004495a9","hash":"9d7d2590d2dc01ba5328b9e893fdfa23afca0819"}
,"/home/synergy28/projects/dev-social-stack/Social-Media-Stack/db/comment_upvotes.js": {"path":"/home/synergy28/projects/dev-social-stack/Social-Media-Stack/db/comment_upvotes.js","statementMap":{"0":{"start":{"line":1,"column":15},"end":{"line":1,"column":34}},"1":{"start":{"line":3,"column":27},"end":{"line":19,"column":1}},"2":{"start":{"line":7,"column":2},"end":{"line":18,"column":3}},"3":{"start":{"line":8,"column":31},"end":{"line":14,"column":6}},"4":{"start":{"line":15,"column":4},"end":{"line":15,"column":18}},"5":{"start":{"line":17,"column":4},"end":{"line":17,"column":25}},"6":{"start":{"line":21,"column":23},"end":{"line":36,"column":1}},"7":{"start":{"line":25,"column":2},"end":{"line":35,"column":3}},"8":{"start":{"line":26,"column":31},"end":{"line":31,"column":6}},"9":{"start":{"line":32,"column":4},"end":{"line":32,"column":32}},"10":{"start":{"line":34,"column":4},"end":{"line":34,"column":25}},"11":{"start":{"line":38,"column":32},"end":{"line":53,"column":1}},"12":{"start":{"line":42,"column":2},"end":{"line":52,"column":3}},"13":{"start":{"line":43,"column":31},"end":{"line":48,"column":6}},"14":{"start":{"line":49,"column":4},"end":{"line":49,"column":18}},"15":{"start":{"line":51,"column":4},"end":{"line":51,"column":25}},"16":{"start":{"line":55,"column":30},"end":{"line":67,"column":1}},"17":{"start":{"line":56,"column":2},"end":{"line":66,"column":3}},"18":{"start":{"line":57,"column":33},"end":{"line":62,"column":6}},"19":{"start":{"line":63,"column":4},"end":{"line":63,"column":65}},"20":{"start":{"line":65,"column":4},"end":{"line":65,"column":24}},"21":{"start":{"line":70,"column":0},"end":{"line":75,"column":1}}},"fnMap":{"0":{"name":"(anonymous_0)","decl":{"start":{"line":3,"column":27},"end":{"line":3,"column":28}},"loc":{"start":{"line":6,"column":6},"end":{"line":19,"column":1}},"line":6},"1":{"name":"(anonymous_1)","decl":{"start":{"line":21,"column":23},"end":{"line":21,"column":24}},"loc":{"start":{"line":24,"column":6},"end":{"line":36,"column":1}},"line":24},"2":{"name":"(anonymous_2)","decl":{"start":{"line":38,"column":32},"end":{"line":38,"column":33}},"loc":{"start":{"line":41,"column":6},"end":{"line":53,"column":1}},"line":41},"3":{"name":"(anonymous_3)","decl":{"start":{"line":55,"column":30},"end":{"line":55,"column":31}},"loc":{"start":{"line":55,"column":50},"end":{"line":67,"column":1}},"line":55}},"branchMap":{"0":{"loc":{"start":{"line":32,"column":11},"end":{"line":32,"column":32}},"type":"cond-expr","locations":[{"start":{"line":32,"column":20},"end":{"line":32,"column":24}},{"start":{"line":32,"column":27},"end":{"line":32,"column":32}}],"line":32}},"s":{"0":1,"1":1,"2":0,"3":0,"4":0,"5":0,"6":1,"7":0,"8":0,"9":0,"10":0,"11":1,"12":0,"13":0,"14":0,"15":0,"16":1,"17":0,"18":0,"19":0,"20":0,"21":1},"f":{"0":0,"1":0,"2":0,"3":0},"b":{"0":[0,0]},"_coverageSchema":"1a1c01bbd47fc00a2c39e90264f33305004495a9","hash":"bef06a9b2dc5c72f967902d5d7f113bfa90bf499"}
,"/home/synergy28/projects/dev-social-stack/Social-Media-Stack/db/comments.js": {"path":"/home/synergy28/projects/dev-social-stack/Social-Media-Stack/db/comments.js","statementMap":{"0":{"start":{"line":1,"column":15},"end":{"line":1,"column":34}},"1":{"start":{"line":3,"column":24},"end":{"line":3,"column":42}},"2":{"start":{"line":5,"column":22},"end":{"line":21,"column":1}},"3":{"start":{"line":6,"column":2},"end":{"line":20,"column":3}},"4":{"start":{"line":9,"column":8},"end":{"line":16,"column":5}},"5":{"start":{"line":17,"column":4},"end":{"line":17,"column":19}},"6":{"start":{"line":19,"column":4},"end":{"line":19,"column":25}},"7":{"start":{"line":23,"column":22},"end":{"line":41,"column":1}},"8":{"start":{"line":24,"column":2},"end":{"line":40,"column":3}},"9":{"start":{"line":27,"column":8},"end":{"line":36,"column":5}},"10":{"start":{"line":37,"column":4},"end":{"line":37,"column":19}},"11":{"start":{"line":39,"column":4},"end":{"line":39,"column":25}},"12":{"start":{"line":43,"column":22},"end":{"line":60,"column":1}},"13":{"start":{"line":44,"column":2},"end":{"line":59,"column":3}},"14":{"start":{"line":45,"column":4},"end":{"line":48,"column":6}},"15":{"start":{"line":51,"column":8},"end":{"line":55,"column":6}},"16":{"start":{"line":56,"column":4},"end":{"line":56,"column":26}},"17":{"start":{"line":58,"column":4},"end":{"line":58,"column":25}},"18":{"start":{"line":62,"column":28},"end":{"line":90,"column":1}},"19":{"start":{"line":63,"column":2},"end":{"line":89,"column":3}},"20":{"start":{"line":64,"column":17},"end":{"line":64,"column":42}},"21":{"start":{"line":65,"column":4},"end":{"line":67,"column":5}},"22":{"start":{"line":66,"column":6},"end":{"line":66,"column":13}},"23":{"start":{"line":68,"column":31},"end":{"line":85,"column":6}},"24":{"start":{"line":86,"column":4},"end":{"line":86,"column":20}},"25":{"start":{"line":88,"column":4},"end":{"line":88,"column":25}},"26":{"start":{"line":93,"column":23},"end":{"line":106,"column":1}},"27":{"start":{"line":94,"column":2},"end":{"line":105,"column":3}},"28":{"start":{"line":97,"column":8},"end":{"line":101,"column":6}},"29":{"start":{"line":102,"column":4},"end":{"line":102,"column":19}},"30":{"start":{"line":104,"column":4},"end":{"line":104,"column":25}},"31":{"start":{"line":108,"column":0},"end":{"line":114,"column":1}}},"fnMap":{"0":{"name":"(anonymous_0)","decl":{"start":{"line":5,"column":22},"end":{"line":5,"column":23}},"loc":{"start":{"line":5,"column":66},"end":{"line":21,"column":1}},"line":5},"1":{"name":"(anonymous_1)","decl":{"start":{"line":23,"column":22},"end":{"line":23,"column":23}},"loc":{"start":{"line":23,"column":59},"end":{"line":41,"column":1}},"line":23},"2":{"name":"(anonymous_2)","decl":{"start":{"line":43,"column":22},"end":{"line":43,"column":23}},"loc":{"start":{"line":43,"column":43},"end":{"line":60,"column":1}},"line":43},"3":{"name":"(anonymous_3)","decl":{"start":{"line":62,"column":28},"end":{"line":62,"column":29}},"loc":{"start":{"line":62,"column":57},"end":{"line":90,"column":1}},"line":62},"4":{"name":"(anonymous_4)","decl":{"start":{"line":93,"column":23},"end":{"line":93,"column":24}},"loc":{"start":{"line":93,"column":36},"end":{"line":106,"column":1}},"line":93}},"branchMap":{"0":{"loc":{"start":{"line":62,"column":42},"end":{"line":62,"column":52}},"type":"default-arg","locations":[{"start":{"line":62,"column":51},"end":{"line":62,"column":52}}],"line":62},"1":{"loc":{"start":{"line":65,"column":4},"end":{"line":67,"column":5}},"type":"if","locations":[{"start":{"line":65,"column":4},"end":{"line":67,"column":5}},{"start":{},"end":{}}],"line":65}},"s":{"0":1,"1":1,"2":1,"3":0,"4":0,"5":0,"6":0,"7":1,"8":0,"9":0,"10":0,"11":0,"12":1,"13":0,"14":0,"15":0,"16":0,"17":0,"18":1,"19":0,"20":0,"21":0,"22":0,"23":0,"24":0,"25":0,"26":1,"27":0,"28":0,"29":0,"30":0,"31":1},"f":{"0":0,"1":0,"2":0,"3":0,"4":0},"b":{"0":[0],"1":[0,0]},"_coverageSchema":"1a1c01bbd47fc00a2c39e90264f33305004495a9","hash":"f5b655a89d5268a5b904e3d3ec134c1ad5c9a1e7"}
,"/home/synergy28/projects/dev-social-stack/Social-Media-Stack/db/friendsLists.js": {"path":"/home/synergy28/projects/dev-social-stack/Social-Media-Stack/db/friendsLists.js","statementMap":{"0":{"start":{"line":1,"column":15},"end":{"line":1,"column":34}},"1":{"start":{"line":3,"column":19},"end":{"line":17,"column":1}},"2":{"start":{"line":4,"column":2},"end":{"line":16,"column":3}},"3":{"start":{"line":5,"column":30},"end":{"line":12,"column":5}},"4":{"start":{"line":13,"column":4},"end":{"line":13,"column":40}},"5":{"start":{"line":15,"column":4},"end":{"line":15,"column":25}},"6":{"start":{"line":19,"column":21},"end":{"line":35,"column":1}},"7":{"start":{"line":20,"column":2},"end":{"line":34,"column":3}},"8":{"start":{"line":21,"column":37},"end":{"line":29,"column":5}},"9":{"start":{"line":30,"column":4},"end":{"line":30,"column":26}},"10":{"start":{"line":32,"column":4},"end":{"line":32,"column":25}},"11":{"start":{"line":37,"column":27},"end":{"line":54,"column":1}},"12":{"start":{"line":38,"column":2},"end":{"line":53,"column":3}},"13":{"start":{"line":39,"column":30},"end":{"line":45,"column":10}},"14":{"start":{"line":46,"column":4},"end":{"line":48,"column":5}},"15":{"start":{"line":46,"column":17},"end":{"line":46,"column":18}},"16":{"start":{"line":47,"column":6},"end":{"line":47,"column":33}},"17":{"start":{"line":49,"column":4},"end":{"line":49,"column":19}},"18":{"start":{"line":51,"column":4},"end":{"line":51,"column":25}},"19":{"start":{"line":56,"column":31},"end":{"line":73,"column":1}},"20":{"start":{"line":57,"column":2},"end":{"line":72,"column":3}},"21":{"start":{"line":58,"column":30},"end":{"line":62,"column":10}},"22":{"start":{"line":63,"column":25},"end":{"line":63,"column":27}},"23":{"start":{"line":64,"column":4},"end":{"line":67,"column":5}},"24":{"start":{"line":64,"column":17},"end":{"line":64,"column":18}},"25":{"start":{"line":65,"column":21},"end":{"line":65,"column":31}},"26":{"start":{"line":66,"column":6},"end":{"line":66,"column":41}},"27":{"start":{"line":68,"column":4},"end":{"line":68,"column":24}},"28":{"start":{"line":70,"column":4},"end":{"line":70,"column":25}},"29":{"start":{"line":75,"column":19},"end":{"line":94,"column":1}},"30":{"start":{"line":76,"column":2},"end":{"line":93,"column":3}},"31":{"start":{"line":77,"column":30},"end":{"line":83,"column":10}},"32":{"start":{"line":84,"column":4},"end":{"line":88,"column":5}},"33":{"start":{"line":84,"column":17},"end":{"line":84,"column":18}},"34":{"start":{"line":85,"column":6},"end":{"line":87,"column":7}},"35":{"start":{"line":86,"column":8},"end":{"line":86,"column":20}},"36":{"start":{"line":89,"column":4},"end":{"line":89,"column":17}},"37":{"start":{"line":91,"column":4},"end":{"line":91,"column":25}},"38":{"start":{"line":96,"column":0},"end":{"line":102,"column":2}}},"fnMap":{"0":{"name":"(anonymous_0)","decl":{"start":{"line":3,"column":19},"end":{"line":3,"column":20}},"loc":{"start":{"line":3,"column":39},"end":{"line":17,"column":1}},"line":3},"1":{"name":"(anonymous_1)","decl":{"start":{"line":19,"column":21},"end":{"line":19,"column":22}},"loc":{"start":{"line":19,"column":41},"end":{"line":35,"column":1}},"line":19},"2":{"name":"(anonymous_2)","decl":{"start":{"line":37,"column":27},"end":{"line":37,"column":28}},"loc":{"start":{"line":37,"column":41},"end":{"line":54,"column":1}},"line":37},"3":{"name":"(anonymous_3)","decl":{"start":{"line":56,"column":31},"end":{"line":56,"column":32}},"loc":{"start":{"line":56,"column":45},"end":{"line":73,"column":1}},"line":56},"4":{"name":"(anonymous_4)","decl":{"start":{"line":75,"column":19},"end":{"line":75,"column":20}},"loc":{"start":{"line":75,"column":43},"end":{"line":94,"column":1}},"line":75}},"branchMap":{"0":{"loc":{"start":{"line":13,"column":11},"end":{"line":13,"column":39}},"type":"cond-expr","locations":[{"start":{"line":13,"column":21},"end":{"line":13,"column":32}},{"start":{"line":13,"column":35},"end":{"line":13,"column":39}}],"line":13},"1":{"loc":{"start":{"line":85,"column":6},"end":{"line":87,"column":7}},"type":"if","locations":[{"start":{"line":85,"column":6},"end":{"line":87,"column":7}},{"start":{},"end":{}}],"line":85}},"s":{"0":1,"1":1,"2":0,"3":0,"4":0,"5":0,"6":1,"7":0,"8":0,"9":0,"10":0,"11":1,"12":0,"13":0,"14":0,"15":0,"16":0,"17":0,"18":0,"19":1,"20":0,"21":0,"22":0,"23":0,"24":0,"25":0,"26":0,"27":0,"28":0,"29":1,"30":0,"31":0,"32":0,"33":0,"34":0,"35":0,"36":0,"37":0,"38":1},"f":{"0":0,"1":0,"2":0,"3":0,"4":0},"b":{"0":[0,0],"1":[0,0]},"_coverageSchema":"1a1c01bbd47fc00a2c39e90264f33305004495a9","hash":"7fcb2ea268271d126b5779e01ea89feda390c9c2"}
,"/home/synergy28/projects/dev-social-stack/Social-Media-Stack/db/index.js": {"path":"/home/synergy28/projects/dev-social-stack/Social-Media-Stack/db/index.js","statementMap":{"0":{"start":{"line":1,"column":0},"end":{"line":10,"column":2}}},"fnMap":{},"branchMap":{},"s":{"0":1},"f":{},"b":{},"_coverageSchema":"1a1c01bbd47fc00a2c39e90264f33305004495a9","hash":"bbb653cfb3db315ced78a74f6d6d74a100c08b15"}
,"/home/synergy28/projects/dev-social-stack/Social-Media-Stack/db/messages.js": {"path":"/home/synergy28/projects/dev-social-stack/Social-Media-Stack/db/messages.js","statementMap":{"0":{"start":{"line":1,"column":15},"end":{"line":1,"column":34}},"1":{"start":{"line":3,"column":22},"end":{"line":25,"column":1}},"2":{"start":{"line":9,"column":2},"end":{"line":24,"column":3}},"3":{"start":{"line":12,"column":8},"end":{"line":19,"column":5}},"4":{"start":{"line":20,"column":4},"end":{"line":20,"column":19}},"5":{"start":{"line":22,"column":4},"end":{"line":22,"column":25}},"6":{"start":{"line":26,"column":32},"end":{"line":44,"column":1}},"7":{"start":{"line":27,"column":2},"end":{"line":43,"column":3}},"8":{"start":{"line":28,"column":31},"end":{"line":38,"column":5}},"9":{"start":{"line":39,"column":4},"end":{"line":39,"column":20}},"10":{"start":{"line":41,"column":4},"end":{"line":41,"column":25}},"11":{"start":{"line":45,"column":26},"end":{"line":59,"column":1}},"12":{"start":{"line":46,"column":2},"end":{"line":58,"column":3}},"13":{"start":{"line":49,"column":8},"end":{"line":53,"column":10}},"14":{"start":{"line":54,"column":4},"end":{"line":54,"column":26}},"15":{"start":{"line":56,"column":4},"end":{"line":56,"column":25}},"16":{"start":{"line":61,"column":23},"end":{"line":85,"column":1}},"17":{"start":{"line":62,"column":2},"end":{"line":84,"column":3}},"18":{"start":{"line":63,"column":21},"end":{"line":78,"column":5}},"19":{"start":{"line":80,"column":4},"end":{"line":80,"column":16}},"20":{"start":{"line":82,"column":4},"end":{"line":82,"column":25}},"21":{"start":{"line":87,"column":23},"end":{"line":101,"column":1}},"22":{"start":{"line":88,"column":2},"end":{"line":100,"column":3}},"23":{"start":{"line":89,"column":21},"end":{"line":95,"column":5}},"24":{"start":{"line":96,"column":4},"end":{"line":96,"column":16}},"25":{"start":{"line":98,"column":4},"end":{"line":98,"column":25}},"26":{"start":{"line":103,"column":0},"end":{"line":109,"column":2}}},"fnMap":{"0":{"name":"(anonymous_0)","decl":{"start":{"line":3,"column":22},"end":{"line":3,"column":23}},"loc":{"start":{"line":8,"column":6},"end":{"line":25,"column":1}},"line":8},"1":{"name":"(anonymous_1)","decl":{"start":{"line":26,"column":32},"end":{"line":26,"column":33}},"loc":{"start":{"line":26,"column":72},"end":{"line":44,"column":1}},"line":26},"2":{"name":"(anonymous_2)","decl":{"start":{"line":45,"column":26},"end":{"line":45,"column":27}},"loc":{"start":{"line":45,"column":47},"end":{"line":59,"column":1}},"line":45},"3":{"name":"(anonymous_3)","decl":{"start":{"line":61,"column":23},"end":{"line":61,"column":24}},"loc":{"start":{"line":61,"column":41},"end":{"line":85,"column":1}},"line":61},"4":{"name":"(anonymous_4)","decl":{"start":{"line":87,"column":23},"end":{"line":87,"column":24}},"loc":{"start":{"line":87,"column":44},"end":{"line":101,"column":1}},"line":87}},"branchMap":{},"s":{"0":1,"1":1,"2":0,"3":0,"4":0,"5":0,"6":1,"7":0,"8":0,"9":0,"10":0,"11":1,"12":0,"13":0,"14":0,"15":0,"16":1,"17":0,"18":0,"19":0,"20":0,"21":1,"22":0,"23":0,"24":0,"25":0,"26":1},"f":{"0":0,"1":0,"2":0,"3":0,"4":0},"b":{},"_coverageSchema":"1a1c01bbd47fc00a2c39e90264f33305004495a9","hash":"270be6c672b3f4c88d51c3e1f5e4b5a9ca43b739"}
,"/home/synergy28/projects/dev-social-stack/Social-Media-Stack/db/post_upvotes.js": {"path":"/home/synergy28/projects/dev-social-stack/Social-Media-Stack/db/post_upvotes.js","statementMap":{"0":{"start":{"line":1,"column":15},"end":{"line":1,"column":34}},"1":{"start":{"line":3,"column":24},"end":{"line":19,"column":1}},"2":{"start":{"line":4,"column":2},"end":{"line":18,"column":3}},"3":{"start":{"line":7,"column":8},"end":{"line":14,"column":5}},"4":{"start":{"line":15,"column":4},"end":{"line":15,"column":18}},"5":{"start":{"line":17,"column":4},"end":{"line":17,"column":25}},"6":{"start":{"line":21,"column":27},"end":{"line":37,"column":1}},"7":{"start":{"line":22,"column":2},"end":{"line":36,"column":3}},"8":{"start":{"line":25,"column":8},"end":{"line":32,"column":5}},"9":{"start":{"line":33,"column":4},"end":{"line":33,"column":33}},"10":{"start":{"line":35,"column":4},"end":{"line":35,"column":25}},"11":{"start":{"line":39,"column":29},"end":{"line":52,"column":1}},"12":{"start":{"line":40,"column":2},"end":{"line":51,"column":3}},"13":{"start":{"line":43,"column":8},"end":{"line":47,"column":24}},"14":{"start":{"line":48,"column":4},"end":{"line":48,"column":18}},"15":{"start":{"line":50,"column":4},"end":{"line":50,"column":25}},"16":{"start":{"line":54,"column":27},"end":{"line":69,"column":1}},"17":{"start":{"line":55,"column":2},"end":{"line":68,"column":3}},"18":{"start":{"line":56,"column":33},"end":{"line":64,"column":5}},"19":{"start":{"line":65,"column":4},"end":{"line":65,"column":66}},"20":{"start":{"line":67,"column":4},"end":{"line":67,"column":25}},"21":{"start":{"line":71,"column":0},"end":{"line":76,"column":2}}},"fnMap":{"0":{"name":"(anonymous_0)","decl":{"start":{"line":3,"column":24},"end":{"line":3,"column":25}},"loc":{"start":{"line":3,"column":54},"end":{"line":19,"column":1}},"line":3},"1":{"name":"(anonymous_1)","decl":{"start":{"line":21,"column":27},"end":{"line":21,"column":28}},"loc":{"start":{"line":21,"column":57},"end":{"line":37,"column":1}},"line":21},"2":{"name":"(anonymous_2)","decl":{"start":{"line":39,"column":29},"end":{"line":39,"column":30}},"loc":{"start":{"line":39,"column":59},"end":{"line":52,"column":1}},"line":39},"3":{"name":"(anonymous_3)","decl":{"start":{"line":54,"column":27},"end":{"line":54,"column":28}},"loc":{"start":{"line":54,"column":45},"end":{"line":69,"column":1}},"line":54}},"branchMap":{"0":{"loc":{"start":{"line":33,"column":11},"end":{"line":33,"column":32}},"type":"cond-expr","locations":[{"start":{"line":33,"column":20},"end":{"line":33,"column":24}},{"start":{"line":33,"column":27},"end":{"line":33,"column":32}}],"line":33}},"s":{"0":1,"1":1,"2":5,"3":5,"4":4,"5":1,"6":1,"7":3,"8":3,"9":3,"10":0,"11":1,"12":3,"13":3,"14":3,"15":0,"16":1,"17":4,"18":4,"19":4,"20":0,"21":1},"f":{"0":5,"1":3,"2":3,"3":4},"b":{"0":[1,2]},"_coverageSchema":"1a1c01bbd47fc00a2c39e90264f33305004495a9","hash":"1394e77c82638886e4202aa7cd340dff017bda21"}
,"/home/synergy28/projects/dev-social-stack/Social-Media-Stack/db/posts.js": {"path":"/home/synergy28/projects/dev-social-stack/Social-Media-Stack/db/posts.js","statementMap":{"0":{"start":{"line":1,"column":15},"end":{"line":1,"column":34}},"1":{"start":{"line":3,"column":19},"end":{"line":20,"column":1}},"2":{"start":{"line":4,"column":2},"end":{"line":19,"column":3}},"3":{"start":{"line":7,"column":8},"end":{"line":14,"column":5}},"4":{"start":{"line":15,"column":4},"end":{"line":15,"column":16}},"5":{"start":{"line":17,"column":4},"end":{"line":17,"column":25}},"6":{"start":{"line":22,"column":25},"end":{"line":36,"column":1}},"7":{"start":{"line":23,"column":2},"end":{"line":35,"column":3}},"8":{"start":{"line":24,"column":28},"end":{"line":30,"column":6}},"9":{"start":{"line":31,"column":4},"end":{"line":31,"column":17}},"10":{"start":{"line":33,"column":4},"end":{"line":33,"column":25}},"11":{"start":{"line":38,"column":27},"end":{"line":60,"column":1}},"12":{"start":{"line":40,"column":2},"end":{"line":59,"column":3}},"13":{"start":{"line":43,"column":8},"end":{"line":47,"column":6}},"14":{"start":{"line":48,"column":28},"end":{"line":54,"column":6}},"15":{"start":{"line":55,"column":4},"end":{"line":55,"column":17}},"16":{"start":{"line":57,"column":4},"end":{"line":57,"column":25}},"17":{"start":{"line":62,"column":20},"end":{"line":78,"column":1}},"18":{"start":{"line":63,"column":2},"end":{"line":77,"column":3}},"19":{"start":{"line":66,"column":8},"end":{"line":72,"column":6}},"20":{"start":{"line":73,"column":4},"end":{"line":73,"column":16}},"21":{"start":{"line":75,"column":4},"end":{"line":75,"column":25}},"22":{"start":{"line":80,"column":26},"end":{"line":94,"column":1}},"23":{"start":{"line":81,"column":2},"end":{"line":93,"column":3}},"24":{"start":{"line":82,"column":28},"end":{"line":88,"column":6}},"25":{"start":{"line":89,"column":4},"end":{"line":89,"column":17}},"26":{"start":{"line":91,"column":4},"end":{"line":91,"column":25}},"27":{"start":{"line":96,"column":21},"end":{"line":118,"column":1}},"28":{"start":{"line":97,"column":2},"end":{"line":117,"column":3}},"29":{"start":{"line":98,"column":22},"end":{"line":100,"column":17}},"30":{"start":{"line":99,"column":25},"end":{"line":99,"column":49}},"31":{"start":{"line":104,"column":8},"end":{"line":112,"column":5}},"32":{"start":{"line":113,"column":4},"end":{"line":113,"column":16}},"33":{"start":{"line":115,"column":4},"end":{"line":115,"column":25}},"34":{"start":{"line":120,"column":23},"end":{"line":134,"column":1}},"35":{"start":{"line":121,"column":2},"end":{"line":133,"column":3}},"36":{"start":{"line":124,"column":8},"end":{"line":128,"column":6}},"37":{"start":{"line":129,"column":4},"end":{"line":129,"column":16}},"38":{"start":{"line":131,"column":4},"end":{"line":131,"column":25}},"39":{"start":{"line":136,"column":0},"end":{"line":144,"column":2}}},"fnMap":{"0":{"name":"(anonymous_0)","decl":{"start":{"line":3,"column":19},"end":{"line":3,"column":20}},"loc":{"start":{"line":3,"column":71},"end":{"line":20,"column":1}},"line":3},"1":{"name":"(anonymous_1)","decl":{"start":{"line":22,"column":25},"end":{"line":22,"column":26}},"loc":{"start":{"line":22,"column":39},"end":{"line":36,"column":1}},"line":22},"2":{"name":"(anonymous_2)","decl":{"start":{"line":38,"column":27},"end":{"line":38,"column":28}},"loc":{"start":{"line":38,"column":47},"end":{"line":60,"column":1}},"line":38},"3":{"name":"(anonymous_3)","decl":{"start":{"line":62,"column":20},"end":{"line":62,"column":21}},"loc":{"start":{"line":62,"column":34},"end":{"line":78,"column":1}},"line":62},"4":{"name":"(anonymous_4)","decl":{"start":{"line":80,"column":26},"end":{"line":80,"column":27}},"loc":{"start":{"line":80,"column":38},"end":{"line":94,"column":1}},"line":80},"5":{"name":"(anonymous_5)","decl":{"start":{"line":96,"column":21},"end":{"line":96,"column":22}},"loc":{"start":{"line":96,"column":50},"end":{"line":118,"column":1}},"line":96},"6":{"name":"(anonymous_6)","decl":{"start":{"line":99,"column":11},"end":{"line":99,"column":12}},"loc":{"start":{"line":99,"column":25},"end":{"line":99,"column":49}},"line":99},"7":{"name":"(anonymous_7)","decl":{"start":{"line":120,"column":23},"end":{"line":120,"column":24}},"loc":{"start":{"line":120,"column":37},"end":{"line":134,"column":1}},"line":120}},"branchMap":{"0":{"loc":{"start":{"line":3,"column":48},"end":{"line":3,"column":64}},"type":"default-arg","locations":[{"start":{"line":3,"column":59},"end":{"line":3,"column":64}}],"line":3}},"s":{"0":1,"1":1,"2":1,"3":1,"4":1,"5":0,"6":1,"7":0,"8":0,"9":0,"10":0,"11":1,"12":0,"13":0,"14":0,"15":0,"16":0,"17":1,"18":0,"19":0,"20":0,"21":0,"22":1,"23":0,"24":0,"25":0,"26":0,"27":1,"28":0,"29":0,"30":0,"31":0,"32":0,"33":0,"34":1,"35":0,"36":0,"37":0,"38":0,"39":1},"f":{"0":1,"1":0,"2":0,"3":0,"4":0,"5":0,"6":0,"7":0},"b":{"0":[0]},"_coverageSchema":"1a1c01bbd47fc00a2c39e90264f33305004495a9","hash":"2dbab6a76b0f8e1a868817eef8a2f9329a4d9dec"}
,"/home/synergy28/projects/dev-social-stack/Social-Media-Stack/db/users.js": {"path":"/home/synergy28/projects/dev-social-stack/Social-Media-Stack/db/users.js","statementMap":{"0":{"start":{"line":1,"column":15},"end":{"line":1,"column":34}},"1":{"start":{"line":2,"column":15},"end":{"line":2,"column":32}},"2":{"start":{"line":4,"column":19},"end":{"line":43,"column":1}},"3":{"start":{"line":13,"column":2},"end":{"line":42,"column":3}},"4":{"start":{"line":14,"column":23},"end":{"line":14,"column":25}},"5":{"start":{"line":15,"column":27},"end":{"line":15,"column":66}},"6":{"start":{"line":16,"column":17},"end":{"line":16,"column":27}},"7":{"start":{"line":20,"column":8},"end":{"line":37,"column":5}},"8":{"start":{"line":38,"column":4},"end":{"line":38,"column":16}},"9":{"start":{"line":40,"column":4},"end":{"line":40,"column":25}},"10":{"start":{"line":45,"column":19},"end":{"line":77,"column":1}},"11":{"start":{"line":46,"column":2},"end":{"line":49,"column":3}},"12":{"start":{"line":47,"column":23},"end":{"line":47,"column":25}},"13":{"start":{"line":48,"column":4},"end":{"line":48,"column":69}},"14":{"start":{"line":50,"column":18},"end":{"line":52,"column":15}},"15":{"start":{"line":51,"column":23},"end":{"line":51,"column":47}},"16":{"start":{"line":54,"column":2},"end":{"line":56,"column":3}},"17":{"start":{"line":55,"column":4},"end":{"line":55,"column":11}},"18":{"start":{"line":58,"column":2},"end":{"line":76,"column":3}},"19":{"start":{"line":61,"column":8},"end":{"line":69,"column":5}},"20":{"start":{"line":71,"column":4},"end":{"line":71,"column":25}},"21":{"start":{"line":72,"column":4},"end":{"line":72,"column":16}},"22":{"start":{"line":74,"column":4},"end":{"line":74,"column":25}},"23":{"start":{"line":79,"column":26},"end":{"line":101,"column":1}},"24":{"start":{"line":80,"column":2},"end":{"line":100,"column":3}},"25":{"start":{"line":83,"column":8},"end":{"line":89,"column":5}},"26":{"start":{"line":91,"column":4},"end":{"line":96,"column":5}},"27":{"start":{"line":92,"column":6},"end":{"line":92,"column":13}},"28":{"start":{"line":94,"column":6},"end":{"line":94,"column":27}},"29":{"start":{"line":95,"column":6},"end":{"line":95,"column":18}},"30":{"start":{"line":98,"column":4},"end":{"line":98,"column":25}},"31":{"start":{"line":103,"column":20},"end":{"line":125,"column":1}},"32":{"start":{"line":104,"column":2},"end":{"line":124,"column":3}},"33":{"start":{"line":107,"column":8},"end":{"line":113,"column":5}},"34":{"start":{"line":115,"column":4},"end":{"line":120,"column":5}},"35":{"start":{"line":116,"column":6},"end":{"line":116,"column":13}},"36":{"start":{"line":118,"column":6},"end":{"line":118,"column":27}},"37":{"start":{"line":119,"column":6},"end":{"line":119,"column":18}},"38":{"start":{"line":122,"column":4},"end":{"line":122,"column":25}},"39":{"start":{"line":127,"column":23},"end":{"line":149,"column":1}},"40":{"start":{"line":128,"column":2},"end":{"line":148,"column":3}},"41":{"start":{"line":131,"column":8},"end":{"line":137,"column":5}},"42":{"start":{"line":139,"column":4},"end":{"line":144,"column":5}},"43":{"start":{"line":140,"column":6},"end":{"line":140,"column":13}},"44":{"start":{"line":142,"column":6},"end":{"line":142,"column":27}},"45":{"start":{"line":143,"column":6},"end":{"line":143,"column":18}},"46":{"start":{"line":146,"column":4},"end":{"line":146,"column":25}},"47":{"start":{"line":147,"column":4},"end":{"line":147,"column":8}},"48":{"start":{"line":151,"column":21},"end":{"line":170,"column":1}},"49":{"start":{"line":152,"column":15},"end":{"line":152,"column":25}},"50":{"start":{"line":153,"column":2},"end":{"line":169,"column":3}},"51":{"start":{"line":156,"column":8},"end":{"line":164,"column":5}},"52":{"start":{"line":165,"column":4},"end":{"line":165,"column":16}},"53":{"start":{"line":167,"column":4},"end":{"line":167,"column":25}},"54":{"start":{"line":172,"column":25},"end":{"line":198,"column":1}},"55":{"start":{"line":173,"column":2},"end":{"line":175,"column":3}},"56":{"start":{"line":174,"column":4},"end":{"line":174,"column":11}},"57":{"start":{"line":176,"column":2},"end":{"line":197,"column":3}},"58":{"start":{"line":179,"column":8},"end":{"line":185,"column":5}},"59":{"start":{"line":186,"column":4},"end":{"line":193,"column":5}},"60":{"start":{"line":187,"column":29},"end":{"line":187,"column":74}},"61":{"start":{"line":189,"column":6},"end":{"line":192,"column":7}},"62":{"start":{"line":190,"column":8},"end":{"line":190,"column":29}},"63":{"start":{"line":191,"column":8},"end":{"line":191,"column":20}},"64":{"start":{"line":195,"column":4},"end":{"line":195,"column":25}},"65":{"start":{"line":200,"column":0},"end":{"line":208,"column":2}}},"fnMap":{"0":{"name":"(anonymous_0)","decl":{"start":{"line":4,"column":19},"end":{"line":4,"column":20}},"loc":{"start":{"line":12,"column":6},"end":{"line":43,"column":1}},"line":12},"1":{"name":"(anonymous_1)","decl":{"start":{"line":45,"column":19},"end":{"line":45,"column":20}},"loc":{"start":{"line":45,"column":48},"end":{"line":77,"column":1}},"line":45},"2":{"name":"(anonymous_2)","decl":{"start":{"line":51,"column":9},"end":{"line":51,"column":10}},"loc":{"start":{"line":51,"column":23},"end":{"line":51,"column":47}},"line":51},"3":{"name":"(anonymous_3)","decl":{"start":{"line":79,"column":26},"end":{"line":79,"column":27}},"loc":{"start":{"line":79,"column":46},"end":{"line":101,"column":1}},"line":79},"4":{"name":"(anonymous_4)","decl":{"start":{"line":103,"column":20},"end":{"line":103,"column":21}},"loc":{"start":{"line":103,"column":34},"end":{"line":125,"column":1}},"line":103},"5":{"name":"(anonymous_5)","decl":{"start":{"line":127,"column":23},"end":{"line":127,"column":24}},"loc":{"start":{"line":127,"column":40},"end":{"line":149,"column":1}},"line":127},"6":{"name":"(anonymous_6)","decl":{"start":{"line":151,"column":21},"end":{"line":151,"column":22}},"loc":{"start":{"line":151,"column":35},"end":{"line":170,"column":1}},"line":151},"7":{"name":"(anonymous_7)","decl":{"start":{"line":172,"column":25},"end":{"line":172,"column":26}},"loc":{"start":{"line":172,"column":59},"end":{"line":198,"column":1}},"line":172}},"branchMap":{"0":{"loc":{"start":{"line":10,"column":2},"end":{"line":10,"column":64}},"type":"default-arg","locations":[{"start":{"line":10,"column":11},"end":{"line":10,"column":64}}],"line":10},"1":{"loc":{"start":{"line":11,"column":2},"end":{"line":11,"column":17}},"type":"default-arg","locations":[{"start":{"line":11,"column":12},"end":{"line":11,"column":17}}],"line":11},"2":{"loc":{"start":{"line":46,"column":2},"end":{"line":49,"column":3}},"type":"if","locations":[{"start":{"line":46,"column":2},"end":{"line":49,"column":3}},{"start":{},"end":{}}],"line":46},"3":{"loc":{"start":{"line":54,"column":2},"end":{"line":56,"column":3}},"type":"if","locations":[{"start":{"line":54,"column":2},"end":{"line":56,"column":3}},{"start":{},"end":{}}],"line":54},"4":{"loc":{"start":{"line":54,"column":6},"end":{"line":54,"column":33}},"type":"binary-expr","locations":[{"start":{"line":54,"column":6},"end":{"line":54,"column":14}},{"start":{"line":54,"column":18},"end":{"line":54,"column":33}}],"line":54},"5":{"loc":{"start":{"line":91,"column":4},"end":{"line":96,"column":5}},"type":"if","locations":[{"start":{"line":91,"column":4},"end":{"line":96,"column":5}},{"start":{"line":93,"column":11},"end":{"line":96,"column":5}}],"line":91},"6":{"loc":{"start":{"line":115,"column":4},"end":{"line":120,"column":5}},"type":"if","locations":[{"start":{"line":115,"column":4},"end":{"line":120,"column":5}},{"start":{"line":117,"column":11},"end":{"line":120,"column":5}}],"line":115},"7":{"loc":{"start":{"line":139,"column":4},"end":{"line":144,"column":5}},"type":"if","locations":[{"start":{"line":139,"column":4},"end":{"line":144,"column":5}},{"start":{"line":141,"column":11},"end":{"line":144,"column":5}}],"line":139},"8":{"loc":{"start":{"line":173,"column":2},"end":{"line":175,"column":3}},"type":"if","locations":[{"start":{"line":173,"column":2},"end":{"line":175,"column":3}},{"start":{},"end":{}}],"line":173},"9":{"loc":{"start":{"line":173,"column":6},"end":{"line":173,"column":28}},"type":"binary-expr","locations":[{"start":{"line":173,"column":6},"end":{"line":173,"column":15}},{"start":{"line":173,"column":19},"end":{"line":173,"column":28}}],"line":173},"10":{"loc":{"start":{"line":186,"column":4},"end":{"line":193,"column":5}},"type":"if","locations":[{"start":{"line":186,"column":4},"end":{"line":193,"column":5}},{"start":{},"end":{}}],"line":186},"11":{"loc":{"start":{"line":189,"column":6},"end":{"line":192,"column":7}},"type":"if","locations":[{"start":{"line":189,"column":6},"end":{"line":192,"column":7}},{"start":{},"end":{}}],"line":189}},"s":{"0":1,"1":1,"2":1,"3":2,"4":2,"5":2,"6":2,"7":2,"8":2,"9":0,"10":1,"11":0,"12":0,"13":0,"14":0,"15":0,"16":0,"17":0,"18":0,"19":0,"20":0,"21":0,"22":0,"23":1,"24":0,"25":0,"26":0,"27":0,"28":0,"29":0,"30":0,"31":1,"32":0,"33":0,"34":0,"35":0,"36":0,"37":0,"38":0,"39":1,"40":0,"41":0,"42":0,"43":0,"44":0,"45":0,"46":0,"47":0,"48":1,"49":0,"50":0,"51":0,"52":0,"53":0,"54":1,"55":0,"56":0,"57":0,"58":0,"59":0,"60":0,"61":0,"62":0,"63":0,"64":0,"65":1},"f":{"0":2,"1":0,"2":0,"3":0,"4":0,"5":0,"6":0,"7":0},"b":{"0":[2],"1":[2],"2":[0,0],"3":[0,0],"4":[0,0],"5":[0,0],"6":[0,0],"7":[0,0],"8":[0,0],"9":[0,0],"10":[0,0],"11":[0,0]},"_coverageSchema":"1a1c01bbd47fc00a2c39e90264f33305004495a9","hash":"4fc5cae1a64403862ff8109537d1cedd1c4f9c9c"}
}
