TN:
SF:db/client.js
FNF:0
FNH:0
DA:1,1
DA:3,1
DA:4,1
DA:5,1
DA:7,1
DA:8,1
DA:10,1
DA:17,1
DA:19,0
DA:27,0
LF:10
LH:8
BRDA:7,0,0,1
BRDA:7,0,1,0
BRDA:13,1,0,0
BRDA:13,1,1,1
BRF:4
BRH:2
end_of_record
TN:
SF:db/comment_upvotes.js
FN:3,(anonymous_0)
FN:21,(anonymous_1)
FN:38,(anonymous_2)
FN:55,(anonymous_3)
FNF:4
FNH:0
FNDA:0,(anonymous_0)
FNDA:0,(anonymous_1)
FNDA:0,(anonymous_2)
FNDA:0,(anonymous_3)
DA:1,1
DA:3,1
DA:7,0
DA:8,0
DA:15,0
DA:17,0
DA:21,1
DA:25,0
DA:26,0
DA:32,0
DA:34,0
DA:38,1
DA:42,0
DA:43,0
DA:49,0
DA:51,0
DA:55,1
DA:56,0
DA:57,0
DA:63,0
DA:65,0
DA:70,1
LF:22
LH:6
BRDA:32,0,0,0
BRDA:32,0,1,0
BRF:2
BRH:0
end_of_record
TN:
SF:db/comments.js
FN:5,(anonymous_0)
FN:23,(anonymous_1)
FN:43,(anonymous_2)
FN:62,(anonymous_3)
FN:93,(anonymous_4)
FNF:5
FNH:0
FNDA:0,(anonymous_0)
FNDA:0,(anonymous_1)
FNDA:0,(anonymous_2)
FNDA:0,(anonymous_3)
FNDA:0,(anonymous_4)
DA:1,1
DA:3,1
DA:5,1
DA:6,0
DA:9,0
DA:17,0
DA:19,0
DA:23,1
DA:24,0
DA:27,0
DA:37,0
DA:39,0
DA:43,1
DA:44,0
DA:45,0
DA:51,0
DA:56,0
DA:58,0
DA:62,1
DA:63,0
DA:64,0
DA:65,0
DA:66,0
DA:68,0
DA:86,0
DA:88,0
DA:93,1
DA:94,0
DA:97,0
DA:102,0
DA:104,0
DA:108,1
LF:32
LH:8
BRDA:62,0,0,0
BRDA:65,1,0,0
BRDA:65,1,1,0
BRF:3
BRH:0
end_of_record
TN:
SF:db/friendsLists.js
FN:3,(anonymous_0)
FN:19,(anonymous_1)
FN:37,(anonymous_2)
FN:56,(anonymous_3)
FN:75,(anonymous_4)
FNF:5
FNH:0
FNDA:0,(anonymous_0)
FNDA:0,(anonymous_1)
FNDA:0,(anonymous_2)
FNDA:0,(anonymous_3)
FNDA:0,(anonymous_4)
DA:1,1
DA:3,1
DA:4,0
DA:5,0
DA:13,0
DA:15,0
DA:19,1
DA:20,0
DA:21,0
DA:30,0
DA:32,0
DA:37,1
DA:38,0
DA:39,0
DA:46,0
DA:47,0
DA:49,0
DA:51,0
DA:56,1
DA:57,0
DA:58,0
DA:63,0
DA:64,0
DA:65,0
DA:66,0
DA:68,0
DA:70,0
DA:75,1
DA:76,0
DA:77,0
DA:84,0
DA:85,0
DA:86,0
DA:89,0
DA:91,0
DA:96,1
LF:36
LH:7
BRDA:13,0,0,0
BRDA:13,0,1,0
BRDA:85,1,0,0
BRDA:85,1,1,0
BRF:4
BRH:0
end_of_record
TN:
SF:db/index.js
FNF:0
FNH:0
DA:1,1
LF:1
LH:1
BRF:0
BRH:0
end_of_record
TN:
SF:db/messages.js
FN:3,(anonymous_0)
FN:26,(anonymous_1)
FN:45,(anonymous_2)
FN:61,(anonymous_3)
FN:87,(anonymous_4)
FNF:5
FNH:0
FNDA:0,(anonymous_0)
FNDA:0,(anonymous_1)
FNDA:0,(anonymous_2)
FNDA:0,(anonymous_3)
FNDA:0,(anonymous_4)
DA:1,1
DA:3,1
DA:9,0
DA:12,0
DA:20,0
DA:22,0
DA:26,1
DA:27,0
DA:28,0
DA:39,0
DA:41,0
DA:45,1
DA:46,0
DA:49,0
DA:54,0
DA:56,0
DA:61,1
DA:62,0
DA:63,0
DA:80,0
DA:82,0
DA:87,1
DA:88,0
DA:89,0
DA:96,0
DA:98,0
DA:103,1
LF:27
LH:7
BRF:0
BRH:0
end_of_record
TN:
SF:db/post_upvotes.js
FN:3,(anonymous_0)
FN:21,(anonymous_1)
FN:39,(anonymous_2)
FN:54,(anonymous_3)
FNF:4
FNH:4
FNDA:5,(anonymous_0)
FNDA:3,(anonymous_1)
FNDA:3,(anonymous_2)
FNDA:4,(anonymous_3)
DA:1,1
DA:3,1
DA:4,5
DA:7,5
DA:15,4
DA:17,1
DA:21,1
DA:22,3
DA:25,3
DA:33,3
DA:35,0
DA:39,1
DA:40,3
DA:43,3
DA:48,3
DA:50,0
DA:54,1
DA:55,4
DA:56,4
DA:65,4
DA:67,0
DA:71,1
LF:22
LH:19
BRDA:33,0,0,1
BRDA:33,0,1,2
BRF:2
BRH:2
end_of_record
TN:
SF:db/posts.js
FN:3,(anonymous_0)
FN:22,(anonymous_1)
FN:38,(anonymous_2)
FN:62,(anonymous_3)
FN:80,(anonymous_4)
FN:96,(anonymous_5)
FN:99,(anonymous_6)
FN:120,(anonymous_7)
FNF:8
FNH:1
FNDA:1,(anonymous_0)
FNDA:0,(anonymous_1)
FNDA:0,(anonymous_2)
FNDA:0,(anonymous_3)
FNDA:0,(anonymous_4)
FNDA:0,(anonymous_5)
FNDA:0,(anonymous_6)
FNDA:0,(anonymous_7)
DA:1,1
DA:3,1
DA:4,1
DA:7,1
DA:15,1
DA:17,0
DA:22,1
DA:23,0
DA:24,0
DA:31,0
DA:33,0
DA:38,1
DA:40,0
DA:43,0
DA:48,0
DA:55,0
DA:57,0
DA:62,1
DA:63,0
DA:66,0
DA:73,0
DA:75,0
DA:80,1
DA:81,0
DA:82,0
DA:89,0
DA:91,0
DA:96,1
DA:97,0
DA:98,0
DA:99,0
DA:104,0
DA:113,0
DA:115,0
DA:120,1
DA:121,0
DA:124,0
DA:129,0
DA:131,0
DA:136,1
LF:40
LH:12
BRDA:3,0,0,0
BRF:1
BRH:0
end_of_record
TN:
SF:db/users.js
FN:4,(anonymous_0)
FN:45,(anonymous_1)
FN:51,(anonymous_2)
FN:79,(anonymous_3)
FN:103,(anonymous_4)
FN:127,(anonymous_5)
FN:151,(anonymous_6)
FN:172,(anonymous_7)
FNF:8
FNH:1
FNDA:2,(anonymous_0)
FNDA:0,(anonymous_1)
FNDA:0,(anonymous_2)
FNDA:0,(anonymous_3)
FNDA:0,(anonymous_4)
FNDA:0,(anonymous_5)
FNDA:0,(anonymous_6)
FNDA:0,(anonymous_7)
DA:1,1
DA:2,1
DA:4,1
DA:13,2
DA:14,2
DA:15,2
DA:16,2
DA:20,2
DA:38,2
DA:40,0
DA:45,1
DA:46,0
DA:47,0
DA:48,0
DA:50,0
DA:51,0
DA:54,0
DA:55,0
DA:58,0
DA:61,0
DA:71,0
DA:72,0
DA:74,0
DA:79,1
DA:80,0
DA:83,0
DA:91,0
DA:92,0
DA:94,0
DA:95,0
DA:98,0
DA:103,1
DA:104,0
DA:107,0
DA:115,0
DA:116,0
DA:118,0
DA:119,0
DA:122,0
DA:127,1
DA:128,0
DA:131,0
DA:139,0
DA:140,0
DA:142,0
DA:143,0
DA:146,0
DA:147,0
DA:151,1
DA:152,0
DA:153,0
DA:156,0
DA:165,0
DA:167,0
DA:172,1
DA:173,0
DA:174,0
DA:176,0
DA:179,0
DA:186,0
DA:187,0
DA:189,0
DA:190,0
DA:191,0
DA:195,0
DA:200,1
LF:66
LH:16
BRDA:10,0,0,2
BRDA:11,1,0,2
BRDA:46,2,0,0
BRDA:46,2,1,0
BRDA:54,3,0,0
BRDA:54,3,1,0
BRDA:54,4,0,0
BRDA:54,4,1,0
BRDA:91,5,0,0
BRDA:91,5,1,0
BRDA:115,6,0,0
BRDA:115,6,1,0
BRDA:139,7,0,0
BRDA:139,7,1,0
BRDA:173,8,0,0
BRDA:173,8,1,0
BRDA:173,9,0,0
BRDA:173,9,1,0
BRDA:186,10,0,0
BRDA:186,10,1,0
BRDA:189,11,0,0
BRDA:189,11,1,0
BRF:22
BRH:2
end_of_record
